c:\users\littl\source\repos\sfml\sfml\release\vc142.pdb
c:\users\littl\source\repos\sfml\sfml\release\vector3.obj
c:\users\littl\source\repos\sfml\sfml\release\particle.obj
c:\users\littl\source\repos\sfml\sfml\release\main.obj
c:\users\littl\source\repos\sfml\sfml\release\gravityforce.obj
c:\users\littl\source\repos\sfml\sfml\release\game.obj
c:\users\littl\source\repos\sfml\sfml\release\effect_particle.obj
c:\users\littl\source\repos\sfml\sfml\release\collisiondetector.obj
c:\users\littl\source\repos\sfml\sfml\release\box.obj
c:\users\littl\source\repos\sfml\sfml\release\blackholeforce.obj
c:\users\littl\source\repos\sfml\sfml\release\blackhole.obj
c:\users\littl\source\repos\sfml\sfml\release\ball.obj
c:\users\littl\source\repos\sfml\sfml\release\airblowerforce.obj
c:\users\littl\source\repos\sfml\sfml\release\airblower.obj
c:\users\littl\source\repos\sfml\sfml\release\renderer.obj
c:\users\littl\source\repos\sfml\release\sfml.exe
c:\users\littl\source\repos\sfml\release\sfml.pdb
c:\users\littl\source\repos\sfml\release\sfml.ipdb
c:\users\littl\source\repos\sfml\release\sfml.iobj
c:\users\littl\source\repos\sfml\sfml\release\sfml.tlog\cl.command.1.tlog
c:\users\littl\source\repos\sfml\sfml\release\sfml.tlog\cl.read.1.tlog
c:\users\littl\source\repos\sfml\sfml\release\sfml.tlog\cl.write.1.tlog
c:\users\littl\source\repos\sfml\sfml\release\sfml.tlog\link.command.1.tlog
c:\users\littl\source\repos\sfml\sfml\release\sfml.tlog\link.read.1.tlog
c:\users\littl\source\repos\sfml\sfml\release\sfml.tlog\link.write.1.tlog
c:\users\littl\source\repos\sfml\sfml\release\sfml.tlog\sfml.write.1u.tlog
